2016-12-04 15:48:56,813 - pipeline - [1;34mDEBUG[1;0m - ROOT_FOLDER=/Users/kskon/Documents/Python/Python_in_the_house
2016-12-04 15:48:56,813 - pipeline - [1;34mDEBUG[1;0m - DBPATH=/Users/kskon/Documents/Python/Python_in_the_house/resources.db
2016-12-04 15:48:56,813 - pipeline - [1;34mDEBUG[1;0m - FLASK_SESSION_TYPE=filesystem
2016-12-04 15:48:56,814 - pipeline - [1;34mDEBUG[1;0m - FLASK_UPLOAD_FOLDER=/media/krozin/mera_usb/@Git/GITHUB/resource_monitoring/static/storage
2016-12-04 15:48:56,814 - pipeline - [1;34mDEBUG[1;0m - FLASK_ALLOWED_EXTENSIONS=['txt', 'pdf', 'png', 'jpg', 'jpeg', 'gif']
2016-12-04 15:48:56,814 - pipeline - [1;34mDEBUG[1;0m - FLASK_RESOURCE_STATUSES=['OK', 'NOK', 'NA']
2016-12-04 16:27:30,106 - pipeline - [1;34mDEBUG[1;0m - ROOT_FOLDER=/Users/kskon/Documents/Python/Python_in_the_house
2016-12-04 16:27:30,109 - pipeline - [1;34mDEBUG[1;0m - DBPATH=/Users/kskon/Documents/Python/Python_in_the_house/resources.db
2016-12-04 16:27:30,109 - pipeline - [1;34mDEBUG[1;0m - FLASK_SESSION_TYPE=filesystem
2016-12-04 16:27:30,109 - pipeline - [1;34mDEBUG[1;0m - FLASK_UPLOAD_FOLDER=/media/krozin/mera_usb/@Git/GITHUB/resource_monitoring/static/storage
2016-12-04 16:27:30,109 - pipeline - [1;34mDEBUG[1;0m - FLASK_ALLOWED_EXTENSIONS=['txt', 'pdf', 'png', 'jpg', 'jpeg', 'gif']
2016-12-04 16:27:30,110 - pipeline - [1;34mDEBUG[1;0m - FLASK_RESOURCE_STATUSES=['OK', 'NOK', 'NA']
2016-12-04 16:29:46,238 - pipeline - [1;34mDEBUG[1;0m - ROOT_FOLDER=/Users/kskon/Documents/Python/Python_in_the_house
2016-12-04 16:29:46,239 - pipeline - [1;34mDEBUG[1;0m - DBPATH=/Users/kskon/Documents/Python/Python_in_the_house/resources.db
2016-12-04 16:29:46,239 - pipeline - [1;34mDEBUG[1;0m - FLASK_SESSION_TYPE=filesystem
2016-12-04 16:29:46,239 - pipeline - [1;34mDEBUG[1;0m - FLASK_UPLOAD_FOLDER=/media/krozin/mera_usb/@Git/GITHUB/resource_monitoring/static/storage
2016-12-04 16:29:46,240 - pipeline - [1;34mDEBUG[1;0m - FLASK_ALLOWED_EXTENSIONS=['txt', 'pdf', 'png', 'jpg', 'jpeg', 'gif']
2016-12-04 16:29:46,240 - pipeline - [1;34mDEBUG[1;0m - FLASK_RESOURCE_STATUSES=['OK', 'NOK', 'NA']
2016-12-04 16:30:22,691 - pipeline - [1;34mDEBUG[1;0m - ROOT_FOLDER=/Users/kskon/Documents/Python/Python_in_the_house
2016-12-04 16:30:22,691 - pipeline - [1;34mDEBUG[1;0m - DBPATH=/Users/kskon/Documents/Python/Python_in_the_house/resources.db
2016-12-04 16:30:22,692 - pipeline - [1;34mDEBUG[1;0m - FLASK_SESSION_TYPE=filesystem
2016-12-04 16:30:22,692 - pipeline - [1;34mDEBUG[1;0m - FLASK_UPLOAD_FOLDER=/media/krozin/mera_usb/@Git/GITHUB/resource_monitoring/static/storage
2016-12-04 16:30:22,692 - pipeline - [1;34mDEBUG[1;0m - FLASK_ALLOWED_EXTENSIONS=['txt', 'pdf', 'png', 'jpg', 'jpeg', 'gif']
2016-12-04 16:30:22,692 - pipeline - [1;34mDEBUG[1;0m - FLASK_RESOURCE_STATUSES=['OK', 'NOK', 'NA']
2016-12-04 16:32:01,065 - pipeline - [1;34mDEBUG[1;0m - ROOT_FOLDER=/Users/kskon/Documents/Python/Python_in_the_house
2016-12-04 16:32:01,066 - pipeline - [1;34mDEBUG[1;0m - DBPATH=/Users/kskon/Documents/Python/Python_in_the_house/resources.db
2016-12-04 16:32:01,066 - pipeline - [1;34mDEBUG[1;0m - FLASK_SESSION_TYPE=filesystem
2016-12-04 16:32:01,066 - pipeline - [1;34mDEBUG[1;0m - FLASK_UPLOAD_FOLDER=/media/krozin/mera_usb/@Git/GITHUB/resource_monitoring/static/storage
2016-12-04 16:32:01,066 - pipeline - [1;34mDEBUG[1;0m - FLASK_ALLOWED_EXTENSIONS=['txt', 'pdf', 'png', 'jpg', 'jpeg', 'gif']
2016-12-04 16:32:01,067 - pipeline - [1;34mDEBUG[1;0m - FLASK_RESOURCE_STATUSES=['OK', 'NOK', 'NA']
2016-12-04 16:35:52,016 - pipeline - [1;34mDEBUG[1;0m - ROOT_FOLDER=/Users/kskon/Documents/Python/Python_in_the_house
2016-12-04 16:35:52,016 - pipeline - [1;34mDEBUG[1;0m - DBPATH=/Users/kskon/Documents/Python/Python_in_the_house/resources.db
2016-12-04 16:35:52,017 - pipeline - [1;34mDEBUG[1;0m - FLASK_SESSION_TYPE=filesystem
2016-12-04 16:35:52,017 - pipeline - [1;34mDEBUG[1;0m - FLASK_UPLOAD_FOLDER=/media/krozin/mera_usb/@Git/GITHUB/resource_monitoring/static/storage
2016-12-04 16:35:52,018 - pipeline - [1;34mDEBUG[1;0m - FLASK_ALLOWED_EXTENSIONS=['txt', 'pdf', 'png', 'jpg', 'jpeg', 'gif']
2016-12-04 16:35:52,018 - pipeline - [1;34mDEBUG[1;0m - FLASK_RESOURCE_STATUSES=['OK', 'NOK', 'NA']
2016-12-04 16:36:10,583 - pipeline - [1;34mDEBUG[1;0m - ROOT_FOLDER=/Users/kskon/Documents/Python/Python_in_the_house
2016-12-04 16:36:10,586 - pipeline - [1;34mDEBUG[1;0m - DBPATH=/Users/kskon/Documents/Python/Python_in_the_house/resources.db
2016-12-04 16:36:10,586 - pipeline - [1;34mDEBUG[1;0m - FLASK_SESSION_TYPE=filesystem
2016-12-04 16:36:10,586 - pipeline - [1;34mDEBUG[1;0m - FLASK_UPLOAD_FOLDER=/media/krozin/mera_usb/@Git/GITHUB/resource_monitoring/static/storage
2016-12-04 16:36:10,586 - pipeline - [1;34mDEBUG[1;0m - FLASK_ALLOWED_EXTENSIONS=['txt', 'pdf', 'png', 'jpg', 'jpeg', 'gif']
2016-12-04 16:36:10,587 - pipeline - [1;34mDEBUG[1;0m - FLASK_RESOURCE_STATUSES=['OK', 'NOK', 'NA']
2016-12-04 17:05:56,005 - pipeline - [1;34mDEBUG[1;0m - ROOT_FOLDER=/Users/kskon/Documents/Python/Python_in_the_house
2016-12-04 17:05:56,008 - pipeline - [1;34mDEBUG[1;0m - DBPATH=/Users/kskon/Documents/Python/Python_in_the_house/resources.db
2016-12-04 17:05:56,008 - pipeline - [1;34mDEBUG[1;0m - FLASK_SESSION_TYPE=filesystem
2016-12-04 17:05:56,009 - pipeline - [1;34mDEBUG[1;0m - FLASK_UPLOAD_FOLDER=/media/krozin/mera_usb/@Git/GITHUB/resource_monitoring/static/storage
2016-12-04 17:05:56,009 - pipeline - [1;34mDEBUG[1;0m - FLASK_ALLOWED_EXTENSIONS=['txt', 'pdf', 'png', 'jpg', 'jpeg', 'gif']
2016-12-04 17:05:56,009 - pipeline - [1;34mDEBUG[1;0m - FLASK_RESOURCE_STATUSES=['OK', 'NOK', 'NA']
2016-12-04 17:26:07,632 - pipeline - [1;34mDEBUG[1;0m - ROOT_FOLDER=/Users/kskon/Documents/Python/Python_in_the_house
2016-12-04 17:26:07,633 - pipeline - [1;34mDEBUG[1;0m - DBPATH=/Users/kskon/Documents/Python/Python_in_the_house/resources.db
2016-12-04 17:26:07,633 - pipeline - [1;34mDEBUG[1;0m - FLASK_SESSION_TYPE=filesystem
2016-12-04 17:26:07,634 - pipeline - [1;34mDEBUG[1;0m - FLASK_UPLOAD_FOLDER=/media/krozin/mera_usb/@Git/GITHUB/resource_monitoring/static/storage
2016-12-04 17:26:07,634 - pipeline - [1;34mDEBUG[1;0m - FLASK_ALLOWED_EXTENSIONS=['txt', 'pdf', 'png', 'jpg', 'jpeg', 'gif']
2016-12-04 17:26:07,634 - pipeline - [1;34mDEBUG[1;0m - FLASK_RESOURCE_STATUSES=['OK', 'NOK', 'NA']
2016-12-04 17:28:45,515 - pipeline - [1;34mDEBUG[1;0m - ROOT_FOLDER=/Users/kskon/Documents/Python/Python_in_the_house
2016-12-04 17:28:45,518 - pipeline - [1;34mDEBUG[1;0m - DBPATH=/Users/kskon/Documents/Python/Python_in_the_house/resources.db
2016-12-04 17:28:45,518 - pipeline - [1;34mDEBUG[1;0m - FLASK_SESSION_TYPE=filesystem
2016-12-04 17:28:45,519 - pipeline - [1;34mDEBUG[1;0m - FLASK_UPLOAD_FOLDER=/media/krozin/mera_usb/@Git/GITHUB/resource_monitoring/static/storage
2016-12-04 17:28:45,519 - pipeline - [1;34mDEBUG[1;0m - FLASK_ALLOWED_EXTENSIONS=['txt', 'pdf', 'png', 'jpg', 'jpeg', 'gif']
2016-12-04 17:28:45,519 - pipeline - [1;34mDEBUG[1;0m - FLASK_RESOURCE_STATUSES=['OK', 'NOK', 'NA']
2016-12-04 17:29:50,604 - pipeline - [1;34mDEBUG[1;0m - ROOT_FOLDER=/Users/kskon/Documents/Python/Python_in_the_house
2016-12-04 17:29:50,607 - pipeline - [1;34mDEBUG[1;0m - DBPATH=/Users/kskon/Documents/Python/Python_in_the_house/resources.db
2016-12-04 17:29:50,607 - pipeline - [1;34mDEBUG[1;0m - FLASK_SESSION_TYPE=filesystem
2016-12-04 17:29:50,607 - pipeline - [1;34mDEBUG[1;0m - FLASK_UPLOAD_FOLDER=/media/krozin/mera_usb/@Git/GITHUB/resource_monitoring/static/storage
2016-12-04 17:29:50,607 - pipeline - [1;34mDEBUG[1;0m - FLASK_ALLOWED_EXTENSIONS=['txt', 'pdf', 'png', 'jpg', 'jpeg', 'gif']
2016-12-04 17:29:50,608 - pipeline - [1;34mDEBUG[1;0m - FLASK_RESOURCE_STATUSES=['OK', 'NOK', 'NA']
2016-12-04 17:30:00,897 - pipeline - [1;34mDEBUG[1;0m - ROOT_FOLDER=/Users/kskon/Documents/Python/Python_in_the_house
2016-12-04 17:30:00,900 - pipeline - [1;34mDEBUG[1;0m - DBPATH=/Users/kskon/Documents/Python/Python_in_the_house/resources.db
2016-12-04 17:30:00,900 - pipeline - [1;34mDEBUG[1;0m - FLASK_SESSION_TYPE=filesystem
2016-12-04 17:30:00,900 - pipeline - [1;34mDEBUG[1;0m - FLASK_UPLOAD_FOLDER=/media/krozin/mera_usb/@Git/GITHUB/resource_monitoring/static/storage
2016-12-04 17:30:00,901 - pipeline - [1;34mDEBUG[1;0m - FLASK_ALLOWED_EXTENSIONS=['txt', 'pdf', 'png', 'jpg', 'jpeg', 'gif']
2016-12-04 17:30:00,901 - pipeline - [1;34mDEBUG[1;0m - FLASK_RESOURCE_STATUSES=['OK', 'NOK', 'NA']
2016-12-04 17:30:12,654 - pipeline - [1;34mDEBUG[1;0m - ROOT_FOLDER=/Users/kskon/Documents/Python/Python_in_the_house
2016-12-04 17:30:12,659 - pipeline - [1;34mDEBUG[1;0m - DBPATH=/Users/kskon/Documents/Python/Python_in_the_house/resources.db
2016-12-04 17:30:12,659 - pipeline - [1;34mDEBUG[1;0m - FLASK_SESSION_TYPE=filesystem
2016-12-04 17:30:12,659 - pipeline - [1;34mDEBUG[1;0m - FLASK_UPLOAD_FOLDER=/media/krozin/mera_usb/@Git/GITHUB/resource_monitoring/static/storage
2016-12-04 17:30:12,660 - pipeline - [1;34mDEBUG[1;0m - FLASK_ALLOWED_EXTENSIONS=['txt', 'pdf', 'png', 'jpg', 'jpeg', 'gif']
2016-12-04 17:30:12,660 - pipeline - [1;34mDEBUG[1;0m - FLASK_RESOURCE_STATUSES=['OK', 'NOK', 'NA']
2016-12-04 17:30:59,513 - pipeline - [1;34mDEBUG[1;0m - ROOT_FOLDER=/Users/kskon/Documents/Python/Python_in_the_house
2016-12-04 17:30:59,515 - pipeline - [1;34mDEBUG[1;0m - DBPATH=/Users/kskon/Documents/Python/Python_in_the_house/resources.db
2016-12-04 17:30:59,516 - pipeline - [1;34mDEBUG[1;0m - FLASK_SESSION_TYPE=filesystem
2016-12-04 17:30:59,516 - pipeline - [1;34mDEBUG[1;0m - FLASK_UPLOAD_FOLDER=/media/krozin/mera_usb/@Git/GITHUB/resource_monitoring/static/storage
2016-12-04 17:30:59,516 - pipeline - [1;34mDEBUG[1;0m - FLASK_ALLOWED_EXTENSIONS=['txt', 'pdf', 'png', 'jpg', 'jpeg', 'gif']
2016-12-04 17:30:59,516 - pipeline - [1;34mDEBUG[1;0m - FLASK_RESOURCE_STATUSES=['OK', 'NOK', 'NA']
2016-12-04 17:31:06,541 - pipeline - [1;34mDEBUG[1;0m - ROOT_FOLDER=/Users/kskon/Documents/Python/Python_in_the_house
2016-12-04 17:31:06,541 - pipeline - [1;34mDEBUG[1;0m - DBPATH=/Users/kskon/Documents/Python/Python_in_the_house/resources.db
2016-12-04 17:31:06,541 - pipeline - [1;34mDEBUG[1;0m - FLASK_SESSION_TYPE=filesystem
2016-12-04 17:31:06,541 - pipeline - [1;34mDEBUG[1;0m - FLASK_UPLOAD_FOLDER=/media/krozin/mera_usb/@Git/GITHUB/resource_monitoring/static/storage
2016-12-04 17:31:06,542 - pipeline - [1;34mDEBUG[1;0m - FLASK_ALLOWED_EXTENSIONS=['txt', 'pdf', 'png', 'jpg', 'jpeg', 'gif']
2016-12-04 17:31:06,542 - pipeline - [1;34mDEBUG[1;0m - FLASK_RESOURCE_STATUSES=['OK', 'NOK', 'NA']
2016-12-04 17:33:07,404 - pipeline - [1;34mDEBUG[1;0m - ROOT_FOLDER=/Users/kskon/Documents/Python/Python_in_the_house
2016-12-04 17:33:07,408 - pipeline - [1;34mDEBUG[1;0m - DBPATH=/Users/kskon/Documents/Python/Python_in_the_house/resources.db
2016-12-04 17:33:07,408 - pipeline - [1;34mDEBUG[1;0m - FLASK_SESSION_TYPE=filesystem
2016-12-04 17:33:07,408 - pipeline - [1;34mDEBUG[1;0m - FLASK_UPLOAD_FOLDER=/media/krozin/mera_usb/@Git/GITHUB/resource_monitoring/static/storage
2016-12-04 17:33:07,408 - pipeline - [1;34mDEBUG[1;0m - FLASK_ALLOWED_EXTENSIONS=['txt', 'pdf', 'png', 'jpg', 'jpeg', 'gif']
2016-12-04 17:33:07,409 - pipeline - [1;34mDEBUG[1;0m - FLASK_RESOURCE_STATUSES=['OK', 'NOK', 'NA']
2016-12-04 17:33:51,596 - pipeline - [1;34mDEBUG[1;0m - ROOT_FOLDER=/Users/kskon/Documents/Python/Python_in_the_house
2016-12-04 17:33:51,598 - pipeline - [1;34mDEBUG[1;0m - DBPATH=/Users/kskon/Documents/Python/Python_in_the_house/resources.db
2016-12-04 17:33:51,599 - pipeline - [1;34mDEBUG[1;0m - FLASK_SESSION_TYPE=filesystem
2016-12-04 17:33:51,599 - pipeline - [1;34mDEBUG[1;0m - FLASK_UPLOAD_FOLDER=/media/krozin/mera_usb/@Git/GITHUB/resource_monitoring/static/storage
2016-12-04 17:33:51,599 - pipeline - [1;34mDEBUG[1;0m - FLASK_ALLOWED_EXTENSIONS=['txt', 'pdf', 'png', 'jpg', 'jpeg', 'gif']
2016-12-04 17:33:51,600 - pipeline - [1;34mDEBUG[1;0m - FLASK_RESOURCE_STATUSES=['OK', 'NOK', 'NA']
2016-12-04 17:36:46,008 - pipeline - [1;34mDEBUG[1;0m - ROOT_FOLDER=/Users/kskon/Documents/Python/Python_in_the_house
2016-12-04 17:36:46,011 - pipeline - [1;34mDEBUG[1;0m - DBPATH=/Users/kskon/Documents/Python/Python_in_the_house/resources.db
2016-12-04 17:36:46,011 - pipeline - [1;34mDEBUG[1;0m - FLASK_SESSION_TYPE=filesystem
2016-12-04 17:36:46,011 - pipeline - [1;34mDEBUG[1;0m - FLASK_UPLOAD_FOLDER=/media/krozin/mera_usb/@Git/GITHUB/resource_monitoring/static/storage
2016-12-04 17:36:46,011 - pipeline - [1;34mDEBUG[1;0m - FLASK_ALLOWED_EXTENSIONS=['txt', 'pdf', 'png', 'jpg', 'jpeg', 'gif']
2016-12-04 17:36:46,011 - pipeline - [1;34mDEBUG[1;0m - FLASK_RESOURCE_STATUSES=['OK', 'NOK', 'NA']
2016-12-04 17:36:58,800 - pipeline - [1;34mDEBUG[1;0m - ROOT_FOLDER=/Users/kskon/Documents/Python/Python_in_the_house
2016-12-04 17:36:58,803 - pipeline - [1;34mDEBUG[1;0m - DBPATH=/Users/kskon/Documents/Python/Python_in_the_house/resources.db
2016-12-04 17:36:58,803 - pipeline - [1;34mDEBUG[1;0m - FLASK_SESSION_TYPE=filesystem
2016-12-04 17:36:58,803 - pipeline - [1;34mDEBUG[1;0m - FLASK_UPLOAD_FOLDER=/media/krozin/mera_usb/@Git/GITHUB/resource_monitoring/static/storage
2016-12-04 17:36:58,804 - pipeline - [1;34mDEBUG[1;0m - FLASK_ALLOWED_EXTENSIONS=['txt', 'pdf', 'png', 'jpg', 'jpeg', 'gif']
2016-12-04 17:36:58,804 - pipeline - [1;34mDEBUG[1;0m - FLASK_RESOURCE_STATUSES=['OK', 'NOK', 'NA']
2016-12-04 17:37:07,926 - pipeline - [1;34mDEBUG[1;0m - ROOT_FOLDER=/Users/kskon/Documents/Python/Python_in_the_house
2016-12-04 17:37:07,928 - pipeline - [1;34mDEBUG[1;0m - DBPATH=/Users/kskon/Documents/Python/Python_in_the_house/resources.db
2016-12-04 17:37:07,929 - pipeline - [1;34mDEBUG[1;0m - FLASK_SESSION_TYPE=filesystem
2016-12-04 17:37:07,929 - pipeline - [1;34mDEBUG[1;0m - FLASK_UPLOAD_FOLDER=/media/krozin/mera_usb/@Git/GITHUB/resource_monitoring/static/storage
2016-12-04 17:37:07,929 - pipeline - [1;34mDEBUG[1;0m - FLASK_ALLOWED_EXTENSIONS=['txt', 'pdf', 'png', 'jpg', 'jpeg', 'gif']
2016-12-04 17:37:07,930 - pipeline - [1;34mDEBUG[1;0m - FLASK_RESOURCE_STATUSES=['OK', 'NOK', 'NA']
2016-12-04 17:37:58,459 - pipeline - [1;34mDEBUG[1;0m - ROOT_FOLDER=/Users/kskon/Documents/Python/Python_in_the_house
2016-12-04 17:37:58,462 - pipeline - [1;34mDEBUG[1;0m - DBPATH=/Users/kskon/Documents/Python/Python_in_the_house/resources.db
2016-12-04 17:37:58,462 - pipeline - [1;34mDEBUG[1;0m - FLASK_SESSION_TYPE=filesystem
2016-12-04 17:37:58,462 - pipeline - [1;34mDEBUG[1;0m - FLASK_UPLOAD_FOLDER=/media/krozin/mera_usb/@Git/GITHUB/resource_monitoring/static/storage
2016-12-04 17:37:58,463 - pipeline - [1;34mDEBUG[1;0m - FLASK_ALLOWED_EXTENSIONS=['txt', 'pdf', 'png', 'jpg', 'jpeg', 'gif']
2016-12-04 17:37:58,463 - pipeline - [1;34mDEBUG[1;0m - FLASK_RESOURCE_STATUSES=['OK', 'NOK', 'NA']
2016-12-04 17:43:06,684 - pipeline - [1;34mDEBUG[1;0m - ROOT_FOLDER=/Users/kskon/Documents/Python/Python_in_the_house
2016-12-04 17:43:06,686 - pipeline - [1;34mDEBUG[1;0m - DBPATH=/Users/kskon/Documents/Python/Python_in_the_house/resources.db
2016-12-04 17:43:06,687 - pipeline - [1;34mDEBUG[1;0m - FLASK_SESSION_TYPE=filesystem
2016-12-04 17:43:06,687 - pipeline - [1;34mDEBUG[1;0m - FLASK_UPLOAD_FOLDER=/media/krozin/mera_usb/@Git/GITHUB/resource_monitoring/static/storage
2016-12-04 17:43:06,687 - pipeline - [1;34mDEBUG[1;0m - FLASK_ALLOWED_EXTENSIONS=['txt', 'pdf', 'png', 'jpg', 'jpeg', 'gif']
2016-12-04 17:43:06,688 - pipeline - [1;34mDEBUG[1;0m - FLASK_RESOURCE_STATUSES=['OK', 'NOK', 'NA']
2016-12-04 17:43:24,294 - pipeline - [1;34mDEBUG[1;0m - ROOT_FOLDER=/Users/kskon/Documents/Python/Python_in_the_house
2016-12-04 17:43:24,296 - pipeline - [1;34mDEBUG[1;0m - DBPATH=/Users/kskon/Documents/Python/Python_in_the_house/resources.db
2016-12-04 17:43:24,297 - pipeline - [1;34mDEBUG[1;0m - FLASK_SESSION_TYPE=filesystem
2016-12-04 17:43:24,297 - pipeline - [1;34mDEBUG[1;0m - FLASK_UPLOAD_FOLDER=/media/krozin/mera_usb/@Git/GITHUB/resource_monitoring/static/storage
2016-12-04 17:43:24,297 - pipeline - [1;34mDEBUG[1;0m - FLASK_ALLOWED_EXTENSIONS=['txt', 'pdf', 'png', 'jpg', 'jpeg', 'gif']
2016-12-04 17:43:24,297 - pipeline - [1;34mDEBUG[1;0m - FLASK_RESOURCE_STATUSES=['OK', 'NOK', 'NA']
2016-12-04 17:43:33,174 - pipeline - [1;34mDEBUG[1;0m - ROOT_FOLDER=/Users/kskon/Documents/Python/Python_in_the_house
2016-12-04 17:43:33,177 - pipeline - [1;34mDEBUG[1;0m - DBPATH=/Users/kskon/Documents/Python/Python_in_the_house/resources.db
2016-12-04 17:43:33,178 - pipeline - [1;34mDEBUG[1;0m - FLASK_SESSION_TYPE=filesystem
2016-12-04 17:43:33,178 - pipeline - [1;34mDEBUG[1;0m - FLASK_UPLOAD_FOLDER=/media/krozin/mera_usb/@Git/GITHUB/resource_monitoring/static/storage
2016-12-04 17:43:33,178 - pipeline - [1;34mDEBUG[1;0m - FLASK_ALLOWED_EXTENSIONS=['txt', 'pdf', 'png', 'jpg', 'jpeg', 'gif']
2016-12-04 17:43:33,179 - pipeline - [1;34mDEBUG[1;0m - FLASK_RESOURCE_STATUSES=['OK', 'NOK', 'NA']
2016-12-04 17:44:44,348 - pipeline - [1;34mDEBUG[1;0m - ROOT_FOLDER=/Users/kskon/Documents/Python/Python_in_the_house
2016-12-04 17:44:44,350 - pipeline - [1;34mDEBUG[1;0m - DBPATH=/Users/kskon/Documents/Python/Python_in_the_house/resources.db
2016-12-04 17:44:44,350 - pipeline - [1;34mDEBUG[1;0m - FLASK_SESSION_TYPE=filesystem
2016-12-04 17:44:44,351 - pipeline - [1;34mDEBUG[1;0m - FLASK_UPLOAD_FOLDER=/media/krozin/mera_usb/@Git/GITHUB/resource_monitoring/static/storage
2016-12-04 17:44:44,351 - pipeline - [1;34mDEBUG[1;0m - FLASK_ALLOWED_EXTENSIONS=['txt', 'pdf', 'png', 'jpg', 'jpeg', 'gif']
2016-12-04 17:44:44,351 - pipeline - [1;34mDEBUG[1;0m - FLASK_RESOURCE_STATUSES=['OK', 'NOK', 'NA']
2016-12-04 17:44:54,623 - pipeline - [1;34mDEBUG[1;0m - ROOT_FOLDER=/Users/kskon/Documents/Python/Python_in_the_house
2016-12-04 17:44:54,624 - pipeline - [1;34mDEBUG[1;0m - DBPATH=/Users/kskon/Documents/Python/Python_in_the_house/resources.db
2016-12-04 17:44:54,624 - pipeline - [1;34mDEBUG[1;0m - FLASK_SESSION_TYPE=filesystem
2016-12-04 17:44:54,624 - pipeline - [1;34mDEBUG[1;0m - FLASK_UPLOAD_FOLDER=/media/krozin/mera_usb/@Git/GITHUB/resource_monitoring/static/storage
2016-12-04 17:44:54,624 - pipeline - [1;34mDEBUG[1;0m - FLASK_ALLOWED_EXTENSIONS=['txt', 'pdf', 'png', 'jpg', 'jpeg', 'gif']
2016-12-04 17:44:54,624 - pipeline - [1;34mDEBUG[1;0m - FLASK_RESOURCE_STATUSES=['OK', 'NOK', 'NA']
2016-12-04 20:42:20,708 - pipeline - [1;34mDEBUG[1;0m - ROOT_FOLDER=/Users/kskon/Documents/Python/Python_in_the_house
2016-12-04 20:42:20,710 - pipeline - [1;34mDEBUG[1;0m - DBPATH=/Users/kskon/Documents/Python/Python_in_the_house/resources.db
2016-12-04 20:42:20,711 - pipeline - [1;34mDEBUG[1;0m - FLASK_SESSION_TYPE=filesystem
2016-12-04 20:42:20,711 - pipeline - [1;34mDEBUG[1;0m - FLASK_UPLOAD_FOLDER=/media/krozin/mera_usb/@Git/GITHUB/resource_monitoring/static/storage
2016-12-04 20:42:20,711 - pipeline - [1;34mDEBUG[1;0m - FLASK_ALLOWED_EXTENSIONS=['txt', 'pdf', 'png', 'jpg', 'jpeg', 'gif']
2016-12-04 20:42:20,711 - pipeline - [1;34mDEBUG[1;0m - FLASK_RESOURCE_STATUSES=['OK', 'NOK', 'NA']
2016-12-05 21:01:48,484 - pipeline - [1;34mDEBUG[1;0m - ROOT_FOLDER=/Users/kskon/Documents/Python/Python_in_the_house
2016-12-05 21:01:48,487 - pipeline - [1;34mDEBUG[1;0m - DBPATH=/Users/kskon/Documents/Python/Python_in_the_house/resources.db
2016-12-05 21:01:48,487 - pipeline - [1;34mDEBUG[1;0m - FLASK_SESSION_TYPE=filesystem
2016-12-05 21:01:48,487 - pipeline - [1;34mDEBUG[1;0m - FLASK_UPLOAD_FOLDER=/media/krozin/mera_usb/@Git/GITHUB/resource_monitoring/static/storage
2016-12-05 21:01:48,487 - pipeline - [1;34mDEBUG[1;0m - FLASK_ALLOWED_EXTENSIONS=['txt', 'pdf', 'png', 'jpg', 'jpeg', 'gif']
2016-12-05 21:01:48,488 - pipeline - [1;34mDEBUG[1;0m - FLASK_RESOURCE_STATUSES=['OK', 'NOK', 'NA']
2016-12-05 21:14:43,539 - pipeline - [1;34mDEBUG[1;0m - ROOT_FOLDER=/Users/kskon/Documents/Python/Python_in_the_house
2016-12-05 21:14:43,541 - pipeline - [1;34mDEBUG[1;0m - DBPATH=/Users/kskon/Documents/Python/Python_in_the_house/resources.db
2016-12-05 21:14:43,541 - pipeline - [1;34mDEBUG[1;0m - FLASK_SESSION_TYPE=filesystem
2016-12-05 21:14:43,541 - pipeline - [1;34mDEBUG[1;0m - FLASK_UPLOAD_FOLDER=/media/krozin/mera_usb/@Git/GITHUB/resource_monitoring/static/storage
2016-12-05 21:14:43,541 - pipeline - [1;34mDEBUG[1;0m - FLASK_ALLOWED_EXTENSIONS=['txt', 'pdf', 'png', 'jpg', 'jpeg', 'gif']
2016-12-05 21:14:43,542 - pipeline - [1;34mDEBUG[1;0m - FLASK_RESOURCE_STATUSES=['OK', 'NOK', 'NA']
2016-12-05 21:15:47,940 - pipeline - [1;34mDEBUG[1;0m - ROOT_FOLDER=/Users/kskon/Documents/Python/Python_in_the_house
2016-12-05 21:15:47,942 - pipeline - [1;34mDEBUG[1;0m - DBPATH=/Users/kskon/Documents/Python/Python_in_the_house/resources.db
2016-12-05 21:15:47,943 - pipeline - [1;34mDEBUG[1;0m - FLASK_SESSION_TYPE=filesystem
2016-12-05 21:15:47,943 - pipeline - [1;34mDEBUG[1;0m - FLASK_UPLOAD_FOLDER=/media/krozin/mera_usb/@Git/GITHUB/resource_monitoring/static/storage
2016-12-05 21:15:47,943 - pipeline - [1;34mDEBUG[1;0m - FLASK_ALLOWED_EXTENSIONS=['txt', 'pdf', 'png', 'jpg', 'jpeg', 'gif']
2016-12-05 21:15:47,944 - pipeline - [1;34mDEBUG[1;0m - FLASK_RESOURCE_STATUSES=['OK', 'NOK', 'NA']
2016-12-05 21:21:56,909 - pipeline - [1;34mDEBUG[1;0m - ROOT_FOLDER=/Users/kskon/Documents/Python/Python_in_the_house
2016-12-05 21:21:56,911 - pipeline - [1;34mDEBUG[1;0m - DBPATH=/Users/kskon/Documents/Python/Python_in_the_house/resources.db
2016-12-05 21:21:56,912 - pipeline - [1;34mDEBUG[1;0m - FLASK_SESSION_TYPE=filesystem
2016-12-05 21:21:56,912 - pipeline - [1;34mDEBUG[1;0m - FLASK_UPLOAD_FOLDER=/media/krozin/mera_usb/@Git/GITHUB/resource_monitoring/static/storage
2016-12-05 21:21:56,912 - pipeline - [1;34mDEBUG[1;0m - FLASK_ALLOWED_EXTENSIONS=['txt', 'pdf', 'png', 'jpg', 'jpeg', 'gif']
2016-12-05 21:21:56,912 - pipeline - [1;34mDEBUG[1;0m - FLASK_RESOURCE_STATUSES=['OK', 'NOK', 'NA']
2016-12-05 21:22:55,935 - pipeline - [1;34mDEBUG[1;0m - ROOT_FOLDER=/Users/kskon/Documents/Python/Python_in_the_house
2016-12-05 21:22:55,941 - pipeline - [1;34mDEBUG[1;0m - DBPATH=/Users/kskon/Documents/Python/Python_in_the_house/resources.db
2016-12-05 21:22:55,941 - pipeline - [1;34mDEBUG[1;0m - FLASK_SESSION_TYPE=filesystem
2016-12-05 21:22:55,941 - pipeline - [1;34mDEBUG[1;0m - FLASK_UPLOAD_FOLDER=/media/krozin/mera_usb/@Git/GITHUB/resource_monitoring/static/storage
2016-12-05 21:22:55,941 - pipeline - [1;34mDEBUG[1;0m - FLASK_ALLOWED_EXTENSIONS=['txt', 'pdf', 'png', 'jpg', 'jpeg', 'gif']
2016-12-05 21:22:55,941 - pipeline - [1;34mDEBUG[1;0m - FLASK_RESOURCE_STATUSES=['OK', 'NOK', 'NA']
2016-12-05 21:36:57,666 - pipeline - [1;34mDEBUG[1;0m - ROOT_FOLDER=/Users/kskon/Documents/Python/Python_in_the_house
2016-12-05 21:36:57,668 - pipeline - [1;34mDEBUG[1;0m - DBPATH=/Users/kskon/Documents/Python/Python_in_the_house/resources.db
2016-12-05 21:36:57,668 - pipeline - [1;34mDEBUG[1;0m - FLASK_SESSION_TYPE=filesystem
2016-12-05 21:36:57,668 - pipeline - [1;34mDEBUG[1;0m - FLASK_UPLOAD_FOLDER=/media/krozin/mera_usb/@Git/GITHUB/resource_monitoring/static/storage
2016-12-05 21:36:57,669 - pipeline - [1;34mDEBUG[1;0m - FLASK_ALLOWED_EXTENSIONS=['txt', 'pdf', 'png', 'jpg', 'jpeg', 'gif']
2016-12-05 21:36:57,669 - pipeline - [1;34mDEBUG[1;0m - FLASK_RESOURCE_STATUSES=['OK', 'NOK', 'NA']
2016-12-05 21:37:33,012 - pipeline - [1;34mDEBUG[1;0m - ROOT_FOLDER=/Users/kskon/Documents/Python/Python_in_the_house
2016-12-05 21:37:33,014 - pipeline - [1;34mDEBUG[1;0m - DBPATH=/Users/kskon/Documents/Python/Python_in_the_house/resources.db
2016-12-05 21:37:33,015 - pipeline - [1;34mDEBUG[1;0m - FLASK_SESSION_TYPE=filesystem
2016-12-05 21:37:33,015 - pipeline - [1;34mDEBUG[1;0m - FLASK_UPLOAD_FOLDER=/media/krozin/mera_usb/@Git/GITHUB/resource_monitoring/static/storage
2016-12-05 21:37:33,015 - pipeline - [1;34mDEBUG[1;0m - FLASK_ALLOWED_EXTENSIONS=['txt', 'pdf', 'png', 'jpg', 'jpeg', 'gif']
2016-12-05 21:37:33,016 - pipeline - [1;34mDEBUG[1;0m - FLASK_RESOURCE_STATUSES=['OK', 'NOK', 'NA']
2016-12-05 21:38:27,100 - pipeline - [1;34mDEBUG[1;0m - ROOT_FOLDER=/Users/kskon/Documents/Python/Python_in_the_house
2016-12-05 21:38:27,102 - pipeline - [1;34mDEBUG[1;0m - DBPATH=/Users/kskon/Documents/Python/Python_in_the_house/resources.db
2016-12-05 21:38:27,102 - pipeline - [1;34mDEBUG[1;0m - FLASK_SESSION_TYPE=filesystem
2016-12-05 21:38:27,102 - pipeline - [1;34mDEBUG[1;0m - FLASK_UPLOAD_FOLDER=/media/krozin/mera_usb/@Git/GITHUB/resource_monitoring/static/storage
2016-12-05 21:38:27,103 - pipeline - [1;34mDEBUG[1;0m - FLASK_ALLOWED_EXTENSIONS=['txt', 'pdf', 'png', 'jpg', 'jpeg', 'gif']
2016-12-05 21:38:27,103 - pipeline - [1;34mDEBUG[1;0m - FLASK_RESOURCE_STATUSES=['OK', 'NOK', 'NA']
2016-12-05 21:39:28,406 - pipeline - [1;34mDEBUG[1;0m - ROOT_FOLDER=/Users/kskon/Documents/Python/Python_in_the_house
2016-12-05 21:39:28,411 - pipeline - [1;34mDEBUG[1;0m - DBPATH=/Users/kskon/Documents/Python/Python_in_the_house/resources.db
2016-12-05 21:39:28,411 - pipeline - [1;34mDEBUG[1;0m - FLASK_SESSION_TYPE=filesystem
2016-12-05 21:39:28,411 - pipeline - [1;34mDEBUG[1;0m - FLASK_UPLOAD_FOLDER=/media/krozin/mera_usb/@Git/GITHUB/resource_monitoring/static/storage
2016-12-05 21:39:28,411 - pipeline - [1;34mDEBUG[1;0m - FLASK_ALLOWED_EXTENSIONS=['txt', 'pdf', 'png', 'jpg', 'jpeg', 'gif']
2016-12-05 21:39:28,412 - pipeline - [1;34mDEBUG[1;0m - FLASK_RESOURCE_STATUSES=['OK', 'NOK', 'NA']
2016-12-05 21:40:51,038 - pipeline - [1;34mDEBUG[1;0m - ROOT_FOLDER=/Users/kskon/Documents/Python/Python_in_the_house
2016-12-05 21:40:51,041 - pipeline - [1;34mDEBUG[1;0m - DBPATH=/Users/kskon/Documents/Python/Python_in_the_house/resources.db
2016-12-05 21:40:51,041 - pipeline - [1;34mDEBUG[1;0m - FLASK_SESSION_TYPE=filesystem
2016-12-05 21:40:51,041 - pipeline - [1;34mDEBUG[1;0m - FLASK_UPLOAD_FOLDER=/media/krozin/mera_usb/@Git/GITHUB/resource_monitoring/static/storage
2016-12-05 21:40:51,041 - pipeline - [1;34mDEBUG[1;0m - FLASK_ALLOWED_EXTENSIONS=['txt', 'pdf', 'png', 'jpg', 'jpeg', 'gif']
2016-12-05 21:40:51,042 - pipeline - [1;34mDEBUG[1;0m - FLASK_RESOURCE_STATUSES=['OK', 'NOK', 'NA']
2016-12-05 21:41:32,862 - pipeline - [1;34mDEBUG[1;0m - ROOT_FOLDER=/Users/kskon/Documents/Python/Python_in_the_house
2016-12-05 21:41:32,864 - pipeline - [1;34mDEBUG[1;0m - DBPATH=/Users/kskon/Documents/Python/Python_in_the_house/resources.db
2016-12-05 21:41:32,864 - pipeline - [1;34mDEBUG[1;0m - FLASK_SESSION_TYPE=filesystem
2016-12-05 21:41:32,864 - pipeline - [1;34mDEBUG[1;0m - FLASK_UPLOAD_FOLDER=/media/krozin/mera_usb/@Git/GITHUB/resource_monitoring/static/storage
2016-12-05 21:41:32,864 - pipeline - [1;34mDEBUG[1;0m - FLASK_ALLOWED_EXTENSIONS=['txt', 'pdf', 'png', 'jpg', 'jpeg', 'gif']
2016-12-05 21:41:32,864 - pipeline - [1;34mDEBUG[1;0m - FLASK_RESOURCE_STATUSES=['OK', 'NOK', 'NA']
2016-12-05 21:42:18,288 - pipeline - [1;34mDEBUG[1;0m - ROOT_FOLDER=/Users/kskon/Documents/Python/Python_in_the_house
2016-12-05 21:42:18,290 - pipeline - [1;34mDEBUG[1;0m - DBPATH=/Users/kskon/Documents/Python/Python_in_the_house/resources.db
2016-12-05 21:42:18,290 - pipeline - [1;34mDEBUG[1;0m - FLASK_SESSION_TYPE=filesystem
2016-12-05 21:42:18,290 - pipeline - [1;34mDEBUG[1;0m - FLASK_UPLOAD_FOLDER=/media/krozin/mera_usb/@Git/GITHUB/resource_monitoring/static/storage
2016-12-05 21:42:18,290 - pipeline - [1;34mDEBUG[1;0m - FLASK_ALLOWED_EXTENSIONS=['txt', 'pdf', 'png', 'jpg', 'jpeg', 'gif']
2016-12-05 21:42:18,291 - pipeline - [1;34mDEBUG[1;0m - FLASK_RESOURCE_STATUSES=['OK', 'NOK', 'NA']
2016-12-05 21:42:26,172 - pipeline - [1;34mDEBUG[1;0m - ROOT_FOLDER=/Users/kskon/Documents/Python/Python_in_the_house
2016-12-05 21:42:26,174 - pipeline - [1;34mDEBUG[1;0m - DBPATH=/Users/kskon/Documents/Python/Python_in_the_house/resources.db
2016-12-05 21:42:26,174 - pipeline - [1;34mDEBUG[1;0m - FLASK_SESSION_TYPE=filesystem
2016-12-05 21:42:26,175 - pipeline - [1;34mDEBUG[1;0m - FLASK_UPLOAD_FOLDER=/media/krozin/mera_usb/@Git/GITHUB/resource_monitoring/static/storage
2016-12-05 21:42:26,175 - pipeline - [1;34mDEBUG[1;0m - FLASK_ALLOWED_EXTENSIONS=['txt', 'pdf', 'png', 'jpg', 'jpeg', 'gif']
2016-12-05 21:42:26,175 - pipeline - [1;34mDEBUG[1;0m - FLASK_RESOURCE_STATUSES=['OK', 'NOK', 'NA']
2016-12-05 21:43:42,239 - pipeline - [1;34mDEBUG[1;0m - ROOT_FOLDER=/Users/kskon/Documents/Python/Python_in_the_house
2016-12-05 21:43:42,241 - pipeline - [1;34mDEBUG[1;0m - DBPATH=/Users/kskon/Documents/Python/Python_in_the_house/resources.db
2016-12-05 21:43:42,242 - pipeline - [1;34mDEBUG[1;0m - FLASK_SESSION_TYPE=filesystem
2016-12-05 21:43:42,242 - pipeline - [1;34mDEBUG[1;0m - FLASK_UPLOAD_FOLDER=/media/krozin/mera_usb/@Git/GITHUB/resource_monitoring/static/storage
2016-12-05 21:43:42,242 - pipeline - [1;34mDEBUG[1;0m - FLASK_ALLOWED_EXTENSIONS=['txt', 'pdf', 'png', 'jpg', 'jpeg', 'gif']
2016-12-05 21:43:42,242 - pipeline - [1;34mDEBUG[1;0m - FLASK_RESOURCE_STATUSES=['OK', 'NOK', 'NA']
2016-12-05 21:44:03,967 - pipeline - [1;34mDEBUG[1;0m - ROOT_FOLDER=/Users/kskon/Documents/Python/Python_in_the_house
2016-12-05 21:44:03,969 - pipeline - [1;34mDEBUG[1;0m - DBPATH=/Users/kskon/Documents/Python/Python_in_the_house/resources.db
2016-12-05 21:44:03,969 - pipeline - [1;34mDEBUG[1;0m - FLASK_SESSION_TYPE=filesystem
2016-12-05 21:44:03,969 - pipeline - [1;34mDEBUG[1;0m - FLASK_UPLOAD_FOLDER=/media/krozin/mera_usb/@Git/GITHUB/resource_monitoring/static/storage
2016-12-05 21:44:03,983 - pipeline - [1;34mDEBUG[1;0m - FLASK_ALLOWED_EXTENSIONS=['txt', 'pdf', 'png', 'jpg', 'jpeg', 'gif']
2016-12-05 21:44:03,983 - pipeline - [1;34mDEBUG[1;0m - FLASK_RESOURCE_STATUSES=['OK', 'NOK', 'NA']
2016-12-05 21:46:38,441 - pipeline - [1;34mDEBUG[1;0m - ROOT_FOLDER=/Users/kskon/Documents/Python/Python_in_the_house
2016-12-05 21:46:38,443 - pipeline - [1;34mDEBUG[1;0m - DBPATH=/Users/kskon/Documents/Python/Python_in_the_house/resources.db
2016-12-05 21:46:38,443 - pipeline - [1;34mDEBUG[1;0m - FLASK_SESSION_TYPE=filesystem
2016-12-05 21:46:38,443 - pipeline - [1;34mDEBUG[1;0m - FLASK_UPLOAD_FOLDER=/media/krozin/mera_usb/@Git/GITHUB/resource_monitoring/static/storage
2016-12-05 21:46:38,444 - pipeline - [1;34mDEBUG[1;0m - FLASK_ALLOWED_EXTENSIONS=['txt', 'pdf', 'png', 'jpg', 'jpeg', 'gif']
2016-12-05 21:46:38,444 - pipeline - [1;34mDEBUG[1;0m - FLASK_RESOURCE_STATUSES=['OK', 'NOK', 'NA']
2016-12-05 21:49:04,520 - pipeline - [1;34mDEBUG[1;0m - ROOT_FOLDER=/Users/kskon/Documents/Python/Python_in_the_house
2016-12-05 21:49:04,523 - pipeline - [1;34mDEBUG[1;0m - DBPATH=/Users/kskon/Documents/Python/Python_in_the_house/resources.db
2016-12-05 21:49:04,523 - pipeline - [1;34mDEBUG[1;0m - FLASK_SESSION_TYPE=filesystem
2016-12-05 21:49:04,523 - pipeline - [1;34mDEBUG[1;0m - FLASK_UPLOAD_FOLDER=/media/krozin/mera_usb/@Git/GITHUB/resource_monitoring/static/storage
2016-12-05 21:49:04,523 - pipeline - [1;34mDEBUG[1;0m - FLASK_ALLOWED_EXTENSIONS=['txt', 'pdf', 'png', 'jpg', 'jpeg', 'gif']
2016-12-05 21:49:04,523 - pipeline - [1;34mDEBUG[1;0m - FLASK_RESOURCE_STATUSES=['OK', 'NOK', 'NA']
2016-12-05 21:52:04,569 - pipeline - [1;34mDEBUG[1;0m - ROOT_FOLDER=/Users/kskon/Documents/Python/Python_in_the_house
2016-12-05 21:52:04,571 - pipeline - [1;34mDEBUG[1;0m - DBPATH=/Users/kskon/Documents/Python/Python_in_the_house/resources.db
2016-12-05 21:52:04,571 - pipeline - [1;34mDEBUG[1;0m - FLASK_SESSION_TYPE=filesystem
2016-12-05 21:52:04,571 - pipeline - [1;34mDEBUG[1;0m - FLASK_UPLOAD_FOLDER=/media/krozin/mera_usb/@Git/GITHUB/resource_monitoring/static/storage
2016-12-05 21:52:04,572 - pipeline - [1;34mDEBUG[1;0m - FLASK_ALLOWED_EXTENSIONS=['txt', 'pdf', 'png', 'jpg', 'jpeg', 'gif']
2016-12-05 21:52:04,572 - pipeline - [1;34mDEBUG[1;0m - FLASK_RESOURCE_STATUSES=['OK', 'NOK', 'NA']
2016-12-05 21:53:25,889 - pipeline - [1;34mDEBUG[1;0m - ROOT_FOLDER=/Users/kskon/Documents/Python/Python_in_the_house
2016-12-05 21:53:25,891 - pipeline - [1;34mDEBUG[1;0m - DBPATH=/Users/kskon/Documents/Python/Python_in_the_house/resources.db
2016-12-05 21:53:25,891 - pipeline - [1;34mDEBUG[1;0m - FLASK_SESSION_TYPE=filesystem
2016-12-05 21:53:25,892 - pipeline - [1;34mDEBUG[1;0m - FLASK_UPLOAD_FOLDER=/media/krozin/mera_usb/@Git/GITHUB/resource_monitoring/static/storage
2016-12-05 21:53:25,892 - pipeline - [1;34mDEBUG[1;0m - FLASK_ALLOWED_EXTENSIONS=['txt', 'pdf', 'png', 'jpg', 'jpeg', 'gif']
2016-12-05 21:53:25,892 - pipeline - [1;34mDEBUG[1;0m - FLASK_RESOURCE_STATUSES=['OK', 'NOK', 'NA']
2016-12-05 21:53:50,014 - pipeline - [1;34mDEBUG[1;0m - ROOT_FOLDER=/Users/kskon/Documents/Python/Python_in_the_house
2016-12-05 21:53:50,016 - pipeline - [1;34mDEBUG[1;0m - DBPATH=/Users/kskon/Documents/Python/Python_in_the_house/resources.db
2016-12-05 21:53:50,017 - pipeline - [1;34mDEBUG[1;0m - FLASK_SESSION_TYPE=filesystem
2016-12-05 21:53:50,017 - pipeline - [1;34mDEBUG[1;0m - FLASK_UPLOAD_FOLDER=/media/krozin/mera_usb/@Git/GITHUB/resource_monitoring/static/storage
2016-12-05 21:53:50,017 - pipeline - [1;34mDEBUG[1;0m - FLASK_ALLOWED_EXTENSIONS=['txt', 'pdf', 'png', 'jpg', 'jpeg', 'gif']
2016-12-05 21:53:50,017 - pipeline - [1;34mDEBUG[1;0m - FLASK_RESOURCE_STATUSES=['OK', 'NOK', 'NA']
2016-12-05 21:57:42,574 - pipeline - [1;34mDEBUG[1;0m - ROOT_FOLDER=/Users/kskon/Documents/Python/Python_in_the_house
2016-12-05 21:57:42,576 - pipeline - [1;34mDEBUG[1;0m - DBPATH=/Users/kskon/Documents/Python/Python_in_the_house/resources.db
2016-12-05 21:57:42,576 - pipeline - [1;34mDEBUG[1;0m - FLASK_SESSION_TYPE=filesystem
2016-12-05 21:57:42,576 - pipeline - [1;34mDEBUG[1;0m - FLASK_UPLOAD_FOLDER=/media/krozin/mera_usb/@Git/GITHUB/resource_monitoring/static/storage
2016-12-05 21:57:42,576 - pipeline - [1;34mDEBUG[1;0m - FLASK_ALLOWED_EXTENSIONS=['txt', 'pdf', 'png', 'jpg', 'jpeg', 'gif']
2016-12-05 21:57:42,576 - pipeline - [1;34mDEBUG[1;0m - FLASK_RESOURCE_STATUSES=['OK', 'NOK', 'NA']
2016-12-05 21:58:42,941 - pipeline - [1;34mDEBUG[1;0m - ROOT_FOLDER=/Users/kskon/Documents/Python/Python_in_the_house
2016-12-05 21:58:42,946 - pipeline - [1;34mDEBUG[1;0m - DBPATH=/Users/kskon/Documents/Python/Python_in_the_house/resources.db
2016-12-05 21:58:42,946 - pipeline - [1;34mDEBUG[1;0m - FLASK_SESSION_TYPE=filesystem
2016-12-05 21:58:42,946 - pipeline - [1;34mDEBUG[1;0m - FLASK_UPLOAD_FOLDER=/media/krozin/mera_usb/@Git/GITHUB/resource_monitoring/static/storage
2016-12-05 21:58:42,946 - pipeline - [1;34mDEBUG[1;0m - FLASK_ALLOWED_EXTENSIONS=['txt', 'pdf', 'png', 'jpg', 'jpeg', 'gif']
2016-12-05 21:58:42,947 - pipeline - [1;34mDEBUG[1;0m - FLASK_RESOURCE_STATUSES=['OK', 'NOK', 'NA']
2016-12-05 21:58:46,982 - pipeline - [1;34mDEBUG[1;0m - ROOT_FOLDER=/Users/kskon/Documents/Python/Python_in_the_house
2016-12-05 21:58:46,983 - pipeline - [1;34mDEBUG[1;0m - DBPATH=/Users/kskon/Documents/Python/Python_in_the_house/resources.db
2016-12-05 21:58:46,983 - pipeline - [1;34mDEBUG[1;0m - FLASK_SESSION_TYPE=filesystem
2016-12-05 21:58:46,983 - pipeline - [1;34mDEBUG[1;0m - FLASK_UPLOAD_FOLDER=/media/krozin/mera_usb/@Git/GITHUB/resource_monitoring/static/storage
2016-12-05 21:58:46,983 - pipeline - [1;34mDEBUG[1;0m - FLASK_ALLOWED_EXTENSIONS=['txt', 'pdf', 'png', 'jpg', 'jpeg', 'gif']
2016-12-05 21:58:46,983 - pipeline - [1;34mDEBUG[1;0m - FLASK_RESOURCE_STATUSES=['OK', 'NOK', 'NA']
2016-12-05 21:58:59,874 - pipeline - [1;34mDEBUG[1;0m - ROOT_FOLDER=/Users/kskon/Documents/Python/Python_in_the_house
2016-12-05 21:58:59,877 - pipeline - [1;34mDEBUG[1;0m - DBPATH=/Users/kskon/Documents/Python/Python_in_the_house/resources.db
2016-12-05 21:58:59,877 - pipeline - [1;34mDEBUG[1;0m - FLASK_SESSION_TYPE=filesystem
2016-12-05 21:58:59,877 - pipeline - [1;34mDEBUG[1;0m - FLASK_UPLOAD_FOLDER=/media/krozin/mera_usb/@Git/GITHUB/resource_monitoring/static/storage
2016-12-05 21:58:59,877 - pipeline - [1;34mDEBUG[1;0m - FLASK_ALLOWED_EXTENSIONS=['txt', 'pdf', 'png', 'jpg', 'jpeg', 'gif']
2016-12-05 21:58:59,877 - pipeline - [1;34mDEBUG[1;0m - FLASK_RESOURCE_STATUSES=['OK', 'NOK', 'NA']
2016-12-05 21:59:46,849 - pipeline - [1;34mDEBUG[1;0m - ROOT_FOLDER=/Users/kskon/Documents/Python/Python_in_the_house
2016-12-05 21:59:46,854 - pipeline - [1;34mDEBUG[1;0m - DBPATH=/Users/kskon/Documents/Python/Python_in_the_house/resources.db
2016-12-05 21:59:46,855 - pipeline - [1;34mDEBUG[1;0m - FLASK_SESSION_TYPE=filesystem
2016-12-05 21:59:46,855 - pipeline - [1;34mDEBUG[1;0m - FLASK_UPLOAD_FOLDER=/media/krozin/mera_usb/@Git/GITHUB/resource_monitoring/static/storage
2016-12-05 21:59:46,856 - pipeline - [1;34mDEBUG[1;0m - FLASK_ALLOWED_EXTENSIONS=['txt', 'pdf', 'png', 'jpg', 'jpeg', 'gif']
2016-12-05 21:59:46,856 - pipeline - [1;34mDEBUG[1;0m - FLASK_RESOURCE_STATUSES=['OK', 'NOK', 'NA']
2016-12-05 22:02:20,324 - pipeline - [1;34mDEBUG[1;0m - ROOT_FOLDER=/Users/kskon/Documents/Python/Python_in_the_house
2016-12-05 22:02:20,326 - pipeline - [1;34mDEBUG[1;0m - DBPATH=/Users/kskon/Documents/Python/Python_in_the_house/resources.db
2016-12-05 22:02:20,327 - pipeline - [1;34mDEBUG[1;0m - FLASK_SESSION_TYPE=filesystem
2016-12-05 22:02:20,328 - pipeline - [1;34mDEBUG[1;0m - FLASK_UPLOAD_FOLDER=/media/krozin/mera_usb/@Git/GITHUB/resource_monitoring/static/storage
2016-12-05 22:02:20,328 - pipeline - [1;34mDEBUG[1;0m - FLASK_ALLOWED_EXTENSIONS=['txt', 'pdf', 'png', 'jpg', 'jpeg', 'gif']
2016-12-05 22:02:20,328 - pipeline - [1;34mDEBUG[1;0m - FLASK_RESOURCE_STATUSES=['OK', 'NOK', 'NA']
2016-12-05 22:02:48,218 - pipeline - [1;34mDEBUG[1;0m - ROOT_FOLDER=/Users/kskon/Documents/Python/Python_in_the_house
2016-12-05 22:02:48,220 - pipeline - [1;34mDEBUG[1;0m - DBPATH=/Users/kskon/Documents/Python/Python_in_the_house/resources.db
2016-12-05 22:02:48,221 - pipeline - [1;34mDEBUG[1;0m - FLASK_SESSION_TYPE=filesystem
2016-12-05 22:02:48,221 - pipeline - [1;34mDEBUG[1;0m - FLASK_UPLOAD_FOLDER=/media/krozin/mera_usb/@Git/GITHUB/resource_monitoring/static/storage
2016-12-05 22:02:48,221 - pipeline - [1;34mDEBUG[1;0m - FLASK_ALLOWED_EXTENSIONS=['txt', 'pdf', 'png', 'jpg', 'jpeg', 'gif']
2016-12-05 22:02:48,221 - pipeline - [1;34mDEBUG[1;0m - FLASK_RESOURCE_STATUSES=['OK', 'NOK', 'NA']
2016-12-05 22:03:34,830 - pipeline - [1;34mDEBUG[1;0m - ROOT_FOLDER=/Users/kskon/Documents/Python/Python_in_the_house
2016-12-05 22:03:34,833 - pipeline - [1;34mDEBUG[1;0m - DBPATH=/Users/kskon/Documents/Python/Python_in_the_house/resources.db
2016-12-05 22:03:34,834 - pipeline - [1;34mDEBUG[1;0m - FLASK_SESSION_TYPE=filesystem
2016-12-05 22:03:34,834 - pipeline - [1;34mDEBUG[1;0m - FLASK_UPLOAD_FOLDER=/media/krozin/mera_usb/@Git/GITHUB/resource_monitoring/static/storage
2016-12-05 22:03:34,834 - pipeline - [1;34mDEBUG[1;0m - FLASK_ALLOWED_EXTENSIONS=['txt', 'pdf', 'png', 'jpg', 'jpeg', 'gif']
2016-12-05 22:03:34,834 - pipeline - [1;34mDEBUG[1;0m - FLASK_RESOURCE_STATUSES=['OK', 'NOK', 'NA']
2016-12-05 22:04:17,002 - pipeline - [1;34mDEBUG[1;0m - ROOT_FOLDER=/Users/kskon/Documents/Python/Python_in_the_house
2016-12-05 22:04:17,008 - pipeline - [1;34mDEBUG[1;0m - DBPATH=/Users/kskon/Documents/Python/Python_in_the_house/resources.db
2016-12-05 22:04:17,008 - pipeline - [1;34mDEBUG[1;0m - FLASK_SESSION_TYPE=filesystem
2016-12-05 22:04:17,008 - pipeline - [1;34mDEBUG[1;0m - FLASK_UPLOAD_FOLDER=/media/krozin/mera_usb/@Git/GITHUB/resource_monitoring/static/storage
2016-12-05 22:04:17,008 - pipeline - [1;34mDEBUG[1;0m - FLASK_ALLOWED_EXTENSIONS=['txt', 'pdf', 'png', 'jpg', 'jpeg', 'gif']
2016-12-05 22:04:17,009 - pipeline - [1;34mDEBUG[1;0m - FLASK_RESOURCE_STATUSES=['OK', 'NOK', 'NA']
2016-12-05 22:05:22,724 - pipeline - [1;34mDEBUG[1;0m - ROOT_FOLDER=/Users/kskon/Documents/Python/Python_in_the_house
2016-12-05 22:05:22,726 - pipeline - [1;34mDEBUG[1;0m - DBPATH=/Users/kskon/Documents/Python/Python_in_the_house/resources.db
2016-12-05 22:05:22,726 - pipeline - [1;34mDEBUG[1;0m - FLASK_SESSION_TYPE=filesystem
2016-12-05 22:05:22,727 - pipeline - [1;34mDEBUG[1;0m - FLASK_UPLOAD_FOLDER=/media/krozin/mera_usb/@Git/GITHUB/resource_monitoring/static/storage
2016-12-05 22:05:22,727 - pipeline - [1;34mDEBUG[1;0m - FLASK_ALLOWED_EXTENSIONS=['txt', 'pdf', 'png', 'jpg', 'jpeg', 'gif']
2016-12-05 22:05:22,727 - pipeline - [1;34mDEBUG[1;0m - FLASK_RESOURCE_STATUSES=['OK', 'NOK', 'NA']
2016-12-05 22:06:30,424 - pipeline - [1;34mDEBUG[1;0m - ROOT_FOLDER=/Users/kskon/Documents/Python/Python_in_the_house
2016-12-05 22:06:30,426 - pipeline - [1;34mDEBUG[1;0m - DBPATH=/Users/kskon/Documents/Python/Python_in_the_house/resources.db
2016-12-05 22:06:30,427 - pipeline - [1;34mDEBUG[1;0m - FLASK_SESSION_TYPE=filesystem
2016-12-05 22:06:30,427 - pipeline - [1;34mDEBUG[1;0m - FLASK_UPLOAD_FOLDER=/media/krozin/mera_usb/@Git/GITHUB/resource_monitoring/static/storage
2016-12-05 22:06:30,427 - pipeline - [1;34mDEBUG[1;0m - FLASK_ALLOWED_EXTENSIONS=['txt', 'pdf', 'png', 'jpg', 'jpeg', 'gif']
2016-12-05 22:06:30,427 - pipeline - [1;34mDEBUG[1;0m - FLASK_RESOURCE_STATUSES=['OK', 'NOK', 'NA']
2016-12-05 22:08:43,355 - pipeline - [1;34mDEBUG[1;0m - ROOT_FOLDER=/Users/kskon/Documents/Python/Python_in_the_house
2016-12-05 22:08:43,357 - pipeline - [1;34mDEBUG[1;0m - DBPATH=/Users/kskon/Documents/Python/Python_in_the_house/resources.db
2016-12-05 22:08:43,358 - pipeline - [1;34mDEBUG[1;0m - FLASK_SESSION_TYPE=filesystem
2016-12-05 22:08:43,358 - pipeline - [1;34mDEBUG[1;0m - FLASK_UPLOAD_FOLDER=/media/krozin/mera_usb/@Git/GITHUB/resource_monitoring/static/storage
2016-12-05 22:08:43,358 - pipeline - [1;34mDEBUG[1;0m - FLASK_ALLOWED_EXTENSIONS=['txt', 'pdf', 'png', 'jpg', 'jpeg', 'gif']
2016-12-05 22:08:43,358 - pipeline - [1;34mDEBUG[1;0m - FLASK_RESOURCE_STATUSES=['OK', 'NOK', 'NA']
2016-12-05 22:11:24,809 - pipeline - [1;34mDEBUG[1;0m - ROOT_FOLDER=/Users/kskon/Documents/Python/Python_in_the_house
2016-12-05 22:11:24,811 - pipeline - [1;34mDEBUG[1;0m - DBPATH=/Users/kskon/Documents/Python/Python_in_the_house/resources.db
2016-12-05 22:11:24,812 - pipeline - [1;34mDEBUG[1;0m - FLASK_SESSION_TYPE=filesystem
2016-12-05 22:11:24,812 - pipeline - [1;34mDEBUG[1;0m - FLASK_UPLOAD_FOLDER=/media/krozin/mera_usb/@Git/GITHUB/resource_monitoring/static/storage
2016-12-05 22:11:24,812 - pipeline - [1;34mDEBUG[1;0m - FLASK_ALLOWED_EXTENSIONS=['txt', 'pdf', 'png', 'jpg', 'jpeg', 'gif']
2016-12-05 22:11:24,812 - pipeline - [1;34mDEBUG[1;0m - FLASK_RESOURCE_STATUSES=['OK', 'NOK', 'NA']
2016-12-05 22:11:56,107 - pipeline - [1;34mDEBUG[1;0m - ROOT_FOLDER=/Users/kskon/Documents/Python/Python_in_the_house
2016-12-05 22:11:56,110 - pipeline - [1;34mDEBUG[1;0m - DBPATH=/Users/kskon/Documents/Python/Python_in_the_house/resources.db
2016-12-05 22:11:56,110 - pipeline - [1;34mDEBUG[1;0m - FLASK_SESSION_TYPE=filesystem
2016-12-05 22:11:56,110 - pipeline - [1;34mDEBUG[1;0m - FLASK_UPLOAD_FOLDER=/media/krozin/mera_usb/@Git/GITHUB/resource_monitoring/static/storage
2016-12-05 22:11:56,110 - pipeline - [1;34mDEBUG[1;0m - FLASK_ALLOWED_EXTENSIONS=['txt', 'pdf', 'png', 'jpg', 'jpeg', 'gif']
2016-12-05 22:11:56,110 - pipeline - [1;34mDEBUG[1;0m - FLASK_RESOURCE_STATUSES=['OK', 'NOK', 'NA']
